<?xml version="1.0" encoding="UTF-8"?>
<testng-results ignored="0" total="1" passed="1" failed="0" skipped="0">
  <reporter-output>
  </reporter-output>
  <suite started-at="2022-03-24T09:37:57 IST" name="Default suite" finished-at="2022-03-24T09:39:21 IST" duration-ms="84234">
    <groups>
    </groups>
    <test started-at="2022-03-24T09:37:57 IST" name="Default test" finished-at="2022-03-24T09:39:21 IST" duration-ms="84234">
      <class name="testNg.Testclass">
        <test-method is-config="true" signature="init()[pri:0, instance:testNg.Testclass@49049a04]" started-at="2022-03-24T09:37:57 IST" name="init" finished-at="2022-03-24T09:38:58 IST" duration-ms="61090" status="PASS">
          <reporter-output>
          </reporter-output>
        </test-method> <!-- init -->
        <test-method signature="login()[pri:0, instance:testNg.Testclass@49049a04]" started-at="2022-03-24T09:38:58 IST" name="login" finished-at="2022-03-24T09:39:18 IST" duration-ms="19978" status="PASS">
          <reporter-output>
          </reporter-output>
        </test-method> <!-- login -->
        <test-method is-config="true" signature="tearDown()[pri:0, instance:testNg.Testclass@49049a04]" started-at="2022-03-24T09:39:18 IST" name="tearDown" finished-at="2022-03-24T09:39:21 IST" duration-ms="3048" status="PASS">
          <reporter-output>
          </reporter-output>
        </test-method> <!-- tearDown -->
      </class> <!-- testNg.Testclass -->
    </test> <!-- Default test -->
  </suite> <!-- Default suite -->
</testng-results>
